
2022-04-04T14:53:23.643Z [petshop-api] info GET /animal
2022-04-04T14:53:30.843Z [petshop-api] info GET /proprietario
2022-04-04T14:54:37.019Z [petshop-api] info GET /animal:id
2022-04-04T14:54:47.825Z [petshop-api] info GET /animal:id
2022-04-04T14:56:36.250Z [petshop-api] info POST /animal - {"nome":"Totó","tipo":"Cachorro","proprietario_id":6}
2022-04-04T15:00:30.578Z [petshop-api] info GET /animal
2022-04-04T18:19:14.231Z [petshop-api] info GET /animal
2022-04-04T18:55:43.126Z [petshop-api] info GET /animal
2022-04-04T18:56:53.046Z [petshop-api] info GET /animal
2022-04-04T18:57:14.208Z [petshop-api] info GET /animal
2022-04-04T19:04:27.192Z [petshop-api] info GET /animal
2022-04-04T19:05:04.026Z [petshop-api] info GET /animal
2022-04-04T19:05:21.900Z [petshop-api] info GET /animal
2022-04-04T19:44:33.005Z [petshop-api] info POST /proprietario - {"nome":"Lucas","telefone":"(11)970707070"}
2022-04-04T21:18:18.682Z [petshop-api] info GET /animal
2022-04-04T21:18:38.310Z [petshop-api] info GET /animal
2022-04-04T21:19:01.092Z [petshop-api] info GET /animal
2022-04-04T21:19:11.709Z [petshop-api] info GET /animal
2022-04-04T21:19:19.584Z [petshop-api] info GET /animal
2022-04-04T21:19:37.160Z [petshop-api] info GET /proprietario
2022-04-04T21:20:47.363Z [petshop-api] info GET /animal
2022-04-04T21:21:00.565Z [petshop-api] info DELETE /animal :id
2022-04-04T21:21:14.591Z [petshop-api] info GET /animal
2022-04-08T18:23:21.680Z [petshop-api] info GET /proprietario
2022-04-08T18:23:27.846Z [petshop-api] info GET /proprietario:id
2022-04-08T18:23:33.456Z [petshop-api] info GET /animal
2022-04-08T18:23:41.118Z [petshop-api] info GET /animal
2022-04-08T18:47:17.306Z [petshop-api] info GET /animal
2022-04-08T18:47:26.036Z [petshop-api] info GET /animal
2022-04-08T19:56:13.087Z [petshop-api] info GET /animal
2022-04-08T20:14:33.385Z [petshop-api] info GET /animal
2022-04-08T21:37:41.360Z [petshop-api] error GET  - servicoService.getServicoss is not a function
2022-04-08T21:41:03.708Z [petshop-api] error GET  - column "nome" does not exist
2022-04-09T13:39:44.610Z [petshop-api] error GET  - column "nome" does not exist
2022-04-09T14:01:20.368Z [petshop-api] info GET /servico
2022-04-09T14:15:21.765Z [petshop-api] error GET  - column "proprietario_id" does not exist
2022-04-09T14:16:18.846Z [petshop-api] error GET  - column "proprietario_id" does not exist
2022-04-09T14:17:23.876Z [petshop-api] info GET /proprietario
2022-04-09T14:17:30.101Z [petshop-api] error GET  - column "proprietario_id" does not exist
2022-04-09T14:24:33.321Z [petshop-api] info GET /servico
2022-04-09T14:24:40.007Z [petshop-api] error GET  - column "proprietario_id" does not exist
2022-04-09T14:27:35.304Z [petshop-api] info GET /servico
2022-04-09T14:28:01.723Z [petshop-api] info GET /servico
2022-04-09T14:28:02.595Z [petshop-api] info GET /servico
2022-04-09T14:28:03.161Z [petshop-api] info GET /servico
2022-04-09T14:28:45.780Z [petshop-api] info GET /servico
2022-04-09T14:28:59.894Z [petshop-api] info GET /servico
2022-04-09T14:34:11.901Z [petshop-api] info GET /servico
2022-04-09T14:34:49.494Z [petshop-api] info GET /servico
2022-04-09T14:35:40.090Z [petshop-api] info GET /servico
2022-04-09T14:35:55.554Z [petshop-api] error GET  - column "proprietario_id" does not exist
2022-04-09T14:36:11.557Z [petshop-api] info GET /servico
2022-04-09T14:39:37.378Z [petshop-api] error GET  - proprietarios is not associated to servicos!
2022-04-09T14:40:01.029Z [petshop-api] error GET  - WHERE parameter "proprietario_id" has invalid "undefined" value
2022-04-09T14:40:31.310Z [petshop-api] error GET  - column "proprietario_id" does not exist
2022-04-09T14:55:28.304Z [petshop-api] error GET  - column "proprietario_id" does not exist
